2023-03-27 17:12:41 - PHP Warning:  file_get_contents(https://rpgroup.fun/shop/min/?f=min/cache/c51f534ee8a7fc089bcd01ab8e486299.css): Failed to open stream: HTTP request failed! HTTP/1.1 400 Bad Request
 in /home/u136545946/domains/rpgroup.fun/public_html/shop/catalog/model/octemplates/widgets/oct_minify.php on line 58
2023-03-27 17:12:41 - PHP Warning:  filemtime(): stat failed for /home/u136545946/domains/rpgroup.fun/public_html/min/cache/c51f534ee8a7fc089bcd01ab8e486299.css in /home/u136545946/domains/rpgroup.fun/public_html/shop/catalog/model/octemplates/widgets/oct_minify.php on line 91
2023-03-27 17:12:41 - PHP Warning:  file_get_contents(https://rpgroup.fun/shop/min/?f=min/cache/1ef604091a5def712c61bdce1959a28c.js): Failed to open stream: HTTP request failed! HTTP/1.1 400 Bad Request
 in /home/u136545946/domains/rpgroup.fun/public_html/shop/catalog/model/octemplates/widgets/oct_minify.php on line 148
2023-03-27 17:12:41 - PHP Warning:  filemtime(): stat failed for /home/u136545946/domains/rpgroup.fun/public_html/min/cache/1ef604091a5def712c61bdce1959a28c.js in /home/u136545946/domains/rpgroup.fun/public_html/shop/catalog/model/octemplates/widgets/oct_minify.php on line 172
2023-03-27 17:13:53 - PHP Warning:  filemtime(): stat failed for /home/u136545946/domains/rpgroup.fun/public_html/min/cache/c51f534ee8a7fc089bcd01ab8e486299.css in /home/u136545946/domains/rpgroup.fun/public_html/shop/catalog/model/octemplates/widgets/oct_minify.php on line 91
2023-03-27 17:13:53 - PHP Warning:  filemtime(): stat failed for /home/u136545946/domains/rpgroup.fun/public_html/min/cache/1ef604091a5def712c61bdce1959a28c.js in /home/u136545946/domains/rpgroup.fun/public_html/shop/catalog/model/octemplates/widgets/oct_minify.php on line 172
2023-03-27 17:14:53 - PHP Warning:  filemtime(): stat failed for /home/u136545946/domains/rpgroup.fun/public_html/min/cache/c51f534ee8a7fc089bcd01ab8e486299.css in /home/u136545946/domains/rpgroup.fun/public_html/shop/catalog/model/octemplates/widgets/oct_minify.php on line 91
2023-03-27 17:14:53 - PHP Warning:  filemtime(): stat failed for /home/u136545946/domains/rpgroup.fun/public_html/min/cache/1ef604091a5def712c61bdce1959a28c.js in /home/u136545946/domains/rpgroup.fun/public_html/shop/catalog/model/octemplates/widgets/oct_minify.php on line 172
2023-03-27 17:15:11 - PHP Warning:  filemtime(): stat failed for /home/u136545946/domains/rpgroup.fun/public_html/min/cache/9487e3889fca0e2b2612665000e337ec.css in /home/u136545946/domains/rpgroup.fun/public_html/shop/catalog/model/octemplates/widgets/oct_minify.php on line 91
2023-03-27 17:15:11 - PHP Warning:  filemtime(): stat failed for /home/u136545946/domains/rpgroup.fun/public_html/min/cache/ae8bb660addc97b113d027dfaae8f5ed.js in /home/u136545946/domains/rpgroup.fun/public_html/shop/catalog/model/octemplates/widgets/oct_minify.php on line 172
2023-03-27 17:15:22 - PHP Warning:  filemtime(): stat failed for /home/u136545946/domains/rpgroup.fun/public_html/min/cache/382dd707221eef062879449bf4a736ca.css in /home/u136545946/domains/rpgroup.fun/public_html/shop/catalog/model/octemplates/widgets/oct_minify.php on line 91
2023-03-27 17:15:22 - PHP Warning:  filemtime(): stat failed for /home/u136545946/domains/rpgroup.fun/public_html/min/cache/6d5c2a3cb1585d8200339ccde6f9eb2d.js in /home/u136545946/domains/rpgroup.fun/public_html/shop/catalog/model/octemplates/widgets/oct_minify.php on line 172
2023-03-27 17:15:36 - PHP Warning:  filemtime(): stat failed for /home/u136545946/domains/rpgroup.fun/public_html/min/cache/c51f534ee8a7fc089bcd01ab8e486299.css in /home/u136545946/domains/rpgroup.fun/public_html/shop/catalog/model/octemplates/widgets/oct_minify.php on line 91
2023-03-27 17:15:36 - PHP Warning:  filemtime(): stat failed for /home/u136545946/domains/rpgroup.fun/public_html/min/cache/1ef604091a5def712c61bdce1959a28c.js in /home/u136545946/domains/rpgroup.fun/public_html/shop/catalog/model/octemplates/widgets/oct_minify.php on line 172
2023-03-27 22:18:17 - PHP Warning:  filemtime(): stat failed for /home/u136545946/domains/rpgroup.fun/public_html/min/cache/c51f534ee8a7fc089bcd01ab8e486299.css in /home/u136545946/domains/rpgroup.fun/public_html/shop/catalog/model/octemplates/widgets/oct_minify.php on line 91
2023-03-27 22:18:17 - PHP Warning:  filemtime(): stat failed for /home/u136545946/domains/rpgroup.fun/public_html/min/cache/1ef604091a5def712c61bdce1959a28c.js in /home/u136545946/domains/rpgroup.fun/public_html/shop/catalog/model/octemplates/widgets/oct_minify.php on line 172
2023-03-27 22:18:24 - PHP Warning:  filemtime(): stat failed for /home/u136545946/domains/rpgroup.fun/public_html/min/cache/c51f534ee8a7fc089bcd01ab8e486299.css in /home/u136545946/domains/rpgroup.fun/public_html/shop/catalog/model/octemplates/widgets/oct_minify.php on line 91
2023-03-27 22:18:24 - PHP Warning:  filemtime(): stat failed for /home/u136545946/domains/rpgroup.fun/public_html/min/cache/1ef604091a5def712c61bdce1959a28c.js in /home/u136545946/domains/rpgroup.fun/public_html/shop/catalog/model/octemplates/widgets/oct_minify.php on line 172
